\BOOKMARK [-1][]{ctitle.-1}{\376\377\232\330\176\364\145\160\143\156\133\120\172\172\225\364\200\132\174\173\173\227\154\325\170\024\172\166}{}% 1
\BOOKMARK [0][]{section*.2}{\376\377\144\130\000\040\211\201}{ctitle.-1}% 2
\BOOKMARK [0][]{section*.5}{\376\377\000\101\000\102\000\123\000\124\000\122\000\101\000\103\000\124}{ctitle.-1}% 3
\BOOKMARK [0][]{section*.7}{\376\377\000\061\000\040\152\041\147\177\116\313\176\315\116\016\154\350\141\017\116\213\230\171}{ctitle.-1}% 4
\BOOKMARK [1][]{section*.8}{\376\377\000\061\000\056\000\061\000\040\152\041\147\177\213\364\146\016}{section*.7}% 5
\BOOKMARK [1][]{section*.9}{\376\377\000\061\000\056\000\062\000\040\116\013\217\175\133\211\210\305}{section*.7}% 6
\BOOKMARK [1][]{section*.10}{\376\377\000\061\000\056\000\063\000\040\166\356\137\125\121\205\133\271}{section*.7}% 7
\BOOKMARK [1][]{section*.11}{\376\377\000\061\000\056\000\064\000\040\123\302\200\003\145\207\163\056\165\037\142\020\145\271\154\325}{section*.7}% 8
\BOOKMARK [1][]{section*.12}{\376\377\000\061\000\056\000\065\000\040\177\026\213\321\154\350\141\017\116\213\230\171}{section*.7}% 9
\BOOKMARK [1][]{section*.13}{\376\377\000\061\000\056\000\066\000\040\174\373\176\337\211\201\154\102}{section*.7}% 10
\BOOKMARK [1][]{section*.14}{\376\377\000\061\000\056\000\067\000\040\000\124\000\145\000\130\000\040\173\200\116\313}{section*.7}% 11
\BOOKMARK [2][]{section*.15}{\376\377\000\061\000\056\000\067\000\056\000\061\000\040\116\300\116\110\146\057\000\040\000\124\000\145\000\130\000\057\000\114\000\141\000\124\000\145\000\130\377\014\142\021\146\057\124\046\136\224\213\345\220\011\142\351\133\203\000\040\377\037}{section*.14}% 12
\BOOKMARK [2][]{section*.16}{\376\377\000\061\000\056\000\067\000\056\000\062\000\040\142\021\213\345\165\050\116\300\116\110\177\026\217\221\126\150\000\040\377\037}{section*.14}% 13
\BOOKMARK [2][]{section*.17}{\376\377\000\061\000\056\000\067\000\056\000\063\000\040\142\021\136\224\213\345\167\013\116\300\116\110\000\040\000\114\000\141\000\124\000\145\000\130\000\040\213\373\162\151\000\040\377\037}{section*.14}% 14
\BOOKMARK [2][]{section*.18}{\376\377\000\061\000\056\000\067\000\056\000\064\000\040\116\300\116\110\167\345\213\306\117\032\217\307\145\366\000\040\377\037\116\300\116\110\116\015\117\032\000\040\377\037}{section*.14}% 15
\BOOKMARK [1][]{section*.19}{\376\377\000\061\000\056\000\070\000\040\124\016\147\037\135\345\117\134}{section*.7}% 16
\BOOKMARK [1][]{section*.20}{\376\377\000\061\000\056\000\071\000\040\121\115\215\043\130\360\146\016}{section*.7}% 17
\BOOKMARK [0][]{section*.21}{\376\377\000\062\000\040\126\376\162\107\166\204\143\322\121\145\145\271\154\325}{ctitle.-1}% 18
\BOOKMARK [1][]{section*.22}{\376\377\000\062\000\056\000\061\000\040\170\024\172\166\165\037\153\325\116\032\213\272\145\207\166\204\143\322\126\376\211\304\203\003}{section*.21}% 19
\BOOKMARK [2][]{section*.23}{\376\377\000\062\000\056\000\061\000\056\000\061\000\040\126\376\230\230\123\312\126\376\116\055\213\364\146\016}{section*.22}% 20
\BOOKMARK [2][]{section*.24}{\376\377\000\062\000\056\000\061\000\056\000\062\000\040\143\322\126\376\177\026\143\222}{section*.22}% 21
\BOOKMARK [1][]{section*.25}{\376\377\000\062\000\056\000\062\000\040\000\114\000\141\000\124\000\145\000\130\000\040\116\055\143\250\203\120\117\177\165\050\166\204\126\376\162\107\150\074\137\017}{section*.21}% 22
\BOOKMARK [1][]{section*.26}{\376\377\000\062\000\056\000\063\000\040\123\125\137\040\126\376\162\107\166\204\143\322\121\145\145\271\154\325}{section*.21}% 23
\BOOKMARK [1][]{section*.30}{\376\377\000\062\000\056\000\064\000\040\121\167\147\011\133\120\126\376\166\204\126\376\162\107\143\322\121\145\145\271\154\325}{section*.21}% 24
\BOOKMARK [0][]{section*.34}{\376\377\000\063\000\040\210\150\150\074\166\204\176\330\122\066\145\271\154\325}{ctitle.-1}% 25
\BOOKMARK [1][]{section*.35}{\376\377\000\063\000\056\000\061\000\040\170\024\172\166\165\037\153\325\116\032\213\276\213\241\213\272\145\207\166\204\176\330\210\150\211\304\203\003}{section*.34}% 26
\BOOKMARK [1][]{section*.36}{\376\377\000\063\000\056\000\062\000\040\146\156\220\032\210\150\150\074\166\204\176\330\122\066\145\271\154\325}{section*.34}% 27
\BOOKMARK [1][]{section*.38}{\376\377\000\063\000\056\000\063\000\040\225\177\210\150\150\074\166\204\176\330\122\066\145\271\154\325}{section*.34}% 28
\BOOKMARK [1][]{section*.40}{\376\377\000\063\000\056\000\064\000\040\122\027\133\275\123\357\214\003\210\150\150\074\166\204\176\330\122\066\145\271\154\325}{section*.34}% 29
\BOOKMARK [2][]{section*.41}{\376\377\000\063\000\056\000\064\000\056\000\061\000\040\210\150\150\074\121\205\147\320\123\125\121\103\150\074\121\205\133\271\217\307\225\177\166\204\140\305\121\265}{section*.40}% 30
\BOOKMARK [2][]{section*.43}{\376\377\000\063\000\056\000\064\000\056\000\062\000\040\133\371\162\151\164\006\221\317\173\046\123\367\217\333\210\114\154\350\221\312\166\204\140\305\121\265}{section*.40}% 31
\BOOKMARK [0][]{section*.44}{\376\377\000\064\000\040\145\160\133\146\121\154\137\017\166\204\217\223\121\145\145\271\154\325}{ctitle.-1}% 32
\BOOKMARK [1][]{section*.45}{\376\377\000\064\000\056\000\061\000\040\170\024\172\166\165\037\153\325\116\032\213\276\213\241\213\272\145\207\166\204\121\154\137\017\211\304\203\003}{section*.44}% 33
\BOOKMARK [1][]{section*.46}{\376\377\000\064\000\056\000\062\000\040\165\037\142\020\000\040\000\114\000\141\000\124\000\145\000\130\000\040\145\160\133\146\121\154\137\017\166\204\116\044\171\315\145\271\154\325}{section*.44}% 34
\BOOKMARK [2][]{section*.47}{\376\377\000\064\000\056\000\062\000\056\000\061\000\040\127\372\116\216\000\040\000\115\000\141\000\164\000\150\000\124\000\171\000\160\000\145\000\040\217\157\116\366\166\204\145\160\133\146\121\154\137\017\165\037\142\020\145\271\154\325}{section*.46}% 35
\BOOKMARK [2][]{section*.48}{\376\377\000\064\000\056\000\062\000\056\000\062\000\040\127\372\116\216\000\040\000\115\000\101\000\124\000\114\000\101\000\102\000\040\217\157\116\366\166\204\145\160\133\146\121\154\137\017\165\037\142\020\145\271\154\325}{section*.46}% 36
\BOOKMARK [1][]{section*.49}{\376\377\000\064\000\056\000\063\000\040\145\160\133\146\133\127\117\123}{section*.44}% 37
\BOOKMARK [1][]{section*.51}{\376\377\000\064\000\056\000\064\000\040\210\114\121\205\121\154\137\017}{section*.44}% 38
\BOOKMARK [1][]{section*.56}{\376\377\000\064\000\056\000\065\000\040\210\114\225\364\121\154\137\017}{section*.44}% 39
\BOOKMARK [1][]{section*.58}{\376\377\000\064\000\056\000\066\000\040\123\357\201\352\122\250\214\003\145\164\131\047\134\017\166\204\133\232\165\114\173\046}{section*.44}% 40
\BOOKMARK [1][]{section*.59}{\376\377\000\064\000\056\000\067\000\040\145\160\133\146\221\315\227\363\173\046\123\367}{section*.44}% 41
\BOOKMARK [0][]{section*.60}{\376\377\000\065\000\040\177\127\122\027\124\214\133\232\164\006\163\257\130\203\117\177\165\050\145\271\154\325}{ctitle.-1}% 42
\BOOKMARK [1][]{section*.61}{\376\377\000\065\000\056\000\061\000\040\123\125\134\102\177\127\122\027\163\257\130\203}{section*.60}% 43
\BOOKMARK [1][]{section*.63}{\376\377\000\065\000\056\000\062\000\040\133\232\164\006\163\257\130\203}{section*.60}% 44
\BOOKMARK [0][]{section*.67}{\376\377\000\066\000\040\140\073\176\323\116\016\134\125\147\033}{ctitle.-1}% 45
\BOOKMARK [1][]{section*.68}{\376\377\000\066\000\056\000\061\000\040\140\073\176\323}{section*.67}% 46
\BOOKMARK [1][]{section*.69}{\376\377\000\066\000\056\000\062\000\040\134\125\147\033}{section*.67}% 47
\BOOKMARK [0][]{section*.72}{\376\377\123\302\200\003\145\207\163\056}{ctitle.-1}% 48
\BOOKMARK [0][]{section*.74}{\376\377\123\321\210\150\213\272\145\207\124\214\123\302\122\240\171\321\170\024\140\305\121\265\213\364\146\016}{ctitle.-1}% 49
\BOOKMARK [0][]{section*.76}{\376\377\201\364\000\040\214\042}{ctitle.-1}% 50
